[System]
Scanner=SkyScan2214
Instrument S/N=20C18017
Software Version=1.8
Home Directory=C:\SkyScan2214\SkyScan2214 User Software
Source Type=Hamamatsu L10711
Camera Type=CCD2: 0.2...6um, 22/42mm max.FOV
Camera Pixel Size (um)=8.916
Camera X/Y Ratio=1.0000
[User]
User Name=Skyscan4
Computer Name=ANAMIC05
[Acquisition]
Data Directory=D:\Results\Metal Foam\PilotScans\can_EB03\HART_0.4um_Al0.25mm_180_proj
Filename Prefix=can_EB03
Number Of Files=  564
Number Of Rows= 2688
Number Of Columns= 4032
Filename Index Length=8
Partial Width=OFF
Image crop origin X=0
Image crop origin Y=0
Camera binning=1x1
Image Rotation=0.28000
Optical Axis (line)= 1333
Object to Source (mm)=13.376
Camera to Source (mm)=313.880
Source Voltage (kV)=  80
Source Current (uA)= 120
Source Target Power (W)=0.90
Image Pixel Size (um)=0.379967
Scaled Image Pixel Size (um)=0.379967
Image Format=TIFF
Depth (bits)=16
Reference Intensity=58000
Camera position=mid
Exposure (ms)=9900
Rotation Step (deg)=0.100
Use 360 Rotation=NO
High Aspect Ratio=YES
Scanning position=10.622 mm
Frame Averaging=ON (3)
Flat Field Correction=ON
FF updating interval=81
Random Movement=OFF (40)
Filter=Al 0.25mm
Gantry direction=CW
Rotation Direction=CW
Intrinsic CS rotation in degree=0.0
Type of Detector Motion=STEP AND SHOOT
Scanning Trajectory=ROUND
Source Filament Type=W
Source spot size=Small
Camera zoom position=Mid
Suggested HU - Calibration=180000
Number Of Horizontal Offset Positions=1
Study Date and Time=18 Jul 2023  16h:04m:21s
Estimated Scan duration=5h:51m:54s
Scan duration=5h:52m:52s
Maximum vertical TS=1.0
Maximum horizontal TS=10.0
TS modified at=July18,16:08:20 ---  564 of 564 projections
TS modified according to=D:\Results\Metal Foam\PilotScans\can_EB03\HART_0.4um_Al0.25mm_180_proj\can_EB03_2DTransform.csv
TS modified at level=3
[Reconstruction]
Reconstruction Program=NRecon
Program Version=Version: 2.1.0.1
Program Home Directory=C:\SkyScan2214\SkyScan2214 User Software
Reconstruction engine=GPUReconServer
Engine version=Version: 2.1.0
Reconstruction from batch=Yes
Postalignment Applied=1
Postalignment=69.50
Reconstructed using oversize-option=No
Reconstruction servers= ANAMIC05 
Dataset Origin=SkyScan2214
Dataset Prefix=can_EB03
Dataset Directory=D:\Results\Metal Foam\PilotScans\can_EB03\HART_0.4um_Al0.25mm_180_proj
Output Directory=D:\Results\Metal Foam\PilotScans\can_EB03\HART_0.4um_Al0.25mm_180_rec
Time and Date=18 Jul 2023  16h:53m:43s
First Section=76
Last Section=2610
Reconstruction duration per slice (seconds)=0.072189
Total reconstruction time (2535 slices) in seconds=183.000000
Heel Effect Correction On=0
Section to Section Step=1
Sections Count=2535
Result File Type=PNG
Result File Header Length (bytes)=Unknown: compressed JPG format (100%)
Result Image Width (pixels)=3864
Result Image Height (pixels)=796
Pixel Size (um)=0.37997
Reconstruction Angular Range (deg)=186.90
Use 180+=OFF
Angular Step (deg)=0.3314
Smoothing=0
Ring Artifact Correction=0
Draw Scales=OFF
Object Bigger than FOV=OFF
Reconstruction from ROI=ON
ROI Top (pixels)=2615
ROI Bottom (pixels)=1818
ROI Left (pixels)=91
ROI Right (pixels)=3957
ROI reference length=4032
Filter cutoff relative to Nyquist frequency=100
Filter type=0
Filter type description=Hamming (Alpha=0.54)
Undersampling factor=1
Threshold for defect pixel mask (%)=0
Beam Hardening Correction (%)=20
CS Static Rotation (deg)=90.00
CS Static Rotation Total(deg)=90.00
Minimum for CS to Image Conversion=0.000000
Maximum for CS to Image Conversion=3.045306
HU Calibration=OFF
BMP LUT=0
Cone-beam Angle Horiz.(deg)=6.555241
Cone-beam Angle Vert.(deg)=4.372810
